  Determining projects to restore...
  All projects are up-to-date for restore.
  Polytoria.SourceGen -> /home/moelanoby/polytoria-game/Polytoria.SourceGen/bin/Debug/netstandard2.0/Polytoria.SourceGen.dll
/home/moelanoby/polytoria-game/Polytoria/scripts/creator/ui/ui-gizmo/UIGizmoBox.cs(154,18): warning CS0108: 'UIGizmoBox.GetLocalMousePosition()' hides inherited member 'CanvasItem.GetLocalMousePosition()'. Use the new keyword if hiding was intended. [/home/moelanoby/polytoria-game/Polytoria/Polytoria.csproj]
/home/moelanoby/polytoria-game/Polytoria/scripts/creator/ui/popups/Search.cs(49,3): warning CS8602: Dereference of a possibly null reference. [/home/moelanoby/polytoria-game/Polytoria/Polytoria.csproj]
/home/moelanoby/polytoria-game/Polytoria/scripts/creator/ui/popups/Search.cs(75,3): warning CS8602: Dereference of a possibly null reference. [/home/moelanoby/polytoria-game/Polytoria/Polytoria.csproj]
/home/moelanoby/polytoria-game/Polytoria/scripts/creator/ui/popups/Search.cs(77,4): warning CS8602: Dereference of a possibly null reference. [/home/moelanoby/polytoria-game/Polytoria/Polytoria.csproj]
/home/moelanoby/polytoria-game/Polytoria/scripts/creator/ui/popups/Search.cs(105,5): warning CS8602: Dereference of a possibly null reference. [/home/moelanoby/polytoria-game/Polytoria/Polytoria.csproj]
/home/moelanoby/polytoria-game/Polytoria/scripts/creator/ui/popups/Search.cs(136,15): warning CS8602: Dereference of a possibly null reference. [/home/moelanoby/polytoria-game/Polytoria/Polytoria.csproj]
/home/moelanoby/polytoria-game/Polytoria/scripts/creator/ui/popups/Search.cs(204,5): warning CS4014: Because this call is not awaited, execution of the current method continues before the call is completed. Consider applying the 'await' operator to the result of the call. [/home/moelanoby/polytoria-game/Polytoria/Polytoria.csproj]
/home/moelanoby/polytoria-game/Polytoria/scripts/creator/ui/popups/Search.cs(224,3): warning CS4014: Because this call is not awaited, execution of the current method continues before the call is completed. Consider applying the 'await' operator to the result of the call. [/home/moelanoby/polytoria-game/Polytoria/Polytoria.csproj]
/home/moelanoby/polytoria-game/Polytoria/scripts/creator/ui/popups/Search.cs(355,18): warning CS8602: Dereference of a possibly null reference. [/home/moelanoby/polytoria-game/Polytoria/Polytoria.csproj]
/home/moelanoby/polytoria-game/Polytoria/scripts/creator/ui/popups/Search.cs(362,21): warning CS8602: Dereference of a possibly null reference. [/home/moelanoby/polytoria-game/Polytoria/Polytoria.csproj]
/home/moelanoby/polytoria-game/Polytoria/scripts/network/syncs/NetworkTransformSync.cs(404,30): warning CS8618: Non-nullable field 'Transform' must contain a non-null value when exiting constructor. Consider adding the 'required' modifier or declaring the field as nullable. [/home/moelanoby/polytoria-game/Polytoria/Polytoria.csproj]
/home/moelanoby/polytoria-game/Polytoria/scripts/renderer/Optimization/VisibilityPredictionSystem.cs(266,90): error CS1501: No overload for method 'DegToRad' takes 0 arguments [/home/moelanoby/polytoria-game/Polytoria/Polytoria.csproj]
/home/moelanoby/polytoria-game/Polytoria/scripts/renderer/Optimization/VisibilityPredictionSystem.cs(267,90): error CS1501: No overload for method 'DegToRad' takes 0 arguments [/home/moelanoby/polytoria-game/Polytoria/Polytoria.csproj]
/home/moelanoby/polytoria-game/Polytoria/scripts/renderer/Optimization/VisibilityPredictionSystem.cs(323,21): warning CS8602: Dereference of a possibly null reference. [/home/moelanoby/polytoria-game/Polytoria/Polytoria.csproj]
/home/moelanoby/polytoria-game/Polytoria/scripts/renderer/Optimization/VisibilityPredictionSystem.cs(327,21): warning CS8602: Dereference of a possibly null reference. [/home/moelanoby/polytoria-game/Polytoria/Polytoria.csproj]
/home/moelanoby/polytoria-game/Polytoria/scripts/formats/XmlFormat.cs(383,35): warning CS8604: Possible null reference argument for parameter 'value' in 'void XmlFormat.SetProperty(GameItem item, PropertyInfo property, object value)'. [/home/moelanoby/polytoria-game/Polytoria/Polytoria.csproj]
/home/moelanoby/polytoria-game/Polytoria/scripts/renderer/Optimization/SimdMathOperations.cs(57,55): error CS1503: Argument 1: cannot convert from 'float[]' to 'byte*' [/home/moelanoby/polytoria-game/Polytoria/Polytoria.csproj]
/home/moelanoby/polytoria-game/Polytoria/scripts/renderer/Optimization/SimdMathOperations.cs(60,55): error CS1503: Argument 1: cannot convert from 'float[]' to 'byte*' [/home/moelanoby/polytoria-game/Polytoria/Polytoria.csproj]
/home/moelanoby/polytoria-game/Polytoria/scripts/renderer/Optimization/VisibilityPredictionSystem.cs(343,53): error CS1501: No overload for method 'DegToRad' takes 0 arguments [/home/moelanoby/polytoria-game/Polytoria/Polytoria.csproj]
/home/moelanoby/polytoria-game/Polytoria/scripts/renderer/Optimization/SimdMathOperations.cs(80,53): error CS1503: Argument 1: cannot convert from 'float[]' to 'byte*' [/home/moelanoby/polytoria-game/Polytoria/Polytoria.csproj]
/home/moelanoby/polytoria-game/Polytoria/scripts/renderer/Optimization/SimdMathOperations.cs(83,53): error CS1503: Argument 1: cannot convert from 'float[]' to 'byte*' [/home/moelanoby/polytoria-game/Polytoria/Polytoria.csproj]
/home/moelanoby/polytoria-game/Polytoria/scripts/renderer/Optimization/SoftwareRenderingFallback.cs(376,44): warning CS8622: Nullability of reference types in type of parameter 'threadId' of 'void SoftwareRenderingFallback.RenderThreadProc(object threadId)' doesn't match the target delegate 'ParameterizedThreadStart' (possibly because of nullability attributes). [/home/moelanoby/polytoria-game/Polytoria/Polytoria.csproj]
/home/moelanoby/polytoria-game/Polytoria/scripts/renderer/Optimization/SimdMathOperations.cs(129,55): error CS1503: Argument 1: cannot convert from 'float[]' to 'byte*' [/home/moelanoby/polytoria-game/Polytoria/Polytoria.csproj]
/home/moelanoby/polytoria-game/Polytoria/scripts/renderer/Optimization/SimdMathOperations.cs(131,53): error CS1503: Argument 1: cannot convert from 'float[]' to 'byte*' [/home/moelanoby/polytoria-game/Polytoria/Polytoria.csproj]
/home/moelanoby/polytoria-game/Polytoria/scripts/renderer/Optimization/SimdMathOperations.cs(149,53): error CS1503: Argument 1: cannot convert from 'float[]' to 'byte*' [/home/moelanoby/polytoria-game/Polytoria/Polytoria.csproj]
/home/moelanoby/polytoria-game/Polytoria/scripts/renderer/Optimization/SimdMathOperations.cs(151,51): error CS1503: Argument 1: cannot convert from 'float[]' to 'byte*' [/home/moelanoby/polytoria-game/Polytoria/Polytoria.csproj]
/home/moelanoby/polytoria-game/Polytoria/scripts/renderer/Optimization/SimdMathOperations.cs(195,55): error CS1503: Argument 1: cannot convert from 'float[]' to 'byte*' [/home/moelanoby/polytoria-game/Polytoria/Polytoria.csproj]
/home/moelanoby/polytoria-game/Polytoria/scripts/renderer/Optimization/SimdMathOperations.cs(197,53): error CS1503: Argument 1: cannot convert from 'float[]' to 'byte*' [/home/moelanoby/polytoria-game/Polytoria/Polytoria.csproj]
/home/moelanoby/polytoria-game/Polytoria/scripts/renderer/Optimization/SimdMathOperations.cs(206,20): error CS1503: Argument 1: cannot convert from 'float[]' to 'byte*' [/home/moelanoby/polytoria-game/Polytoria/Polytoria.csproj]
/home/moelanoby/polytoria-game/Polytoria/scripts/renderer/Optimization/SimdMathOperations.cs(206,30): error CS1503: Argument 2: cannot convert from 'System.Runtime.Intrinsics.Vector256<float>' to 'System.Runtime.Intrinsics.Vector256<byte>' [/home/moelanoby/polytoria-game/Polytoria/Polytoria.csproj]
/home/moelanoby/polytoria-game/Polytoria/scripts/renderer/Optimization/SimdMathOperations.cs(207,20): error CS1503: Argument 1: cannot convert from 'float[]' to 'byte*' [/home/moelanoby/polytoria-game/Polytoria/Polytoria.csproj]
/home/moelanoby/polytoria-game/Polytoria/scripts/renderer/Optimization/SimdMathOperations.cs(207,30): error CS1503: Argument 2: cannot convert from 'System.Runtime.Intrinsics.Vector256<float>' to 'System.Runtime.Intrinsics.Vector256<byte>' [/home/moelanoby/polytoria-game/Polytoria/Polytoria.csproj]
/home/moelanoby/polytoria-game/Polytoria/scripts/renderer/Optimization/SoftwareRenderingFallback.cs(524,40): error CS1061: 'Mesh' does not contain a definition for 'MeshArrays' and no accessible extension method 'MeshArrays' accepting a first argument of type 'Mesh' could be found (are you missing a using directive or an assembly reference?) [/home/moelanoby/polytoria-game/Polytoria/Polytoria.csproj]
/home/moelanoby/polytoria-game/Polytoria/scripts/renderer/Optimization/SimdMathOperations.cs(218,53): error CS1503: Argument 1: cannot convert from 'float[]' to 'byte*' [/home/moelanoby/polytoria-game/Polytoria/Polytoria.csproj]
/home/moelanoby/polytoria-game/Polytoria/scripts/renderer/Optimization/SimdMathOperations.cs(220,51): error CS1503: Argument 1: cannot convert from 'float[]' to 'byte*' [/home/moelanoby/polytoria-game/Polytoria/Polytoria.csproj]
/home/moelanoby/polytoria-game/Polytoria/scripts/renderer/Optimization/SimdMathOperations.cs(229,20): error CS1503: Argument 1: cannot convert from 'float[]' to 'byte*' [/home/moelanoby/polytoria-game/Polytoria/Polytoria.csproj]
/home/moelanoby/polytoria-game/Polytoria/scripts/renderer/Optimization/SimdMathOperations.cs(229,30): error CS1503: Argument 2: cannot convert from 'System.Runtime.Intrinsics.Vector128<float>' to 'System.Runtime.Intrinsics.Vector128<byte>' [/home/moelanoby/polytoria-game/Polytoria/Polytoria.csproj]
/home/moelanoby/polytoria-game/Polytoria/scripts/renderer/Optimization/SimdMathOperations.cs(230,20): error CS1503: Argument 1: cannot convert from 'float[]' to 'byte*' [/home/moelanoby/polytoria-game/Polytoria/Polytoria.csproj]
/home/moelanoby/polytoria-game/Polytoria/scripts/renderer/Optimization/SimdMathOperations.cs(230,30): error CS1503: Argument 2: cannot convert from 'System.Runtime.Intrinsics.Vector128<float>' to 'System.Runtime.Intrinsics.Vector128<byte>' [/home/moelanoby/polytoria-game/Polytoria/Polytoria.csproj]
/home/moelanoby/polytoria-game/Polytoria/scripts/renderer/Optimization/SoftwareRenderingFallback.cs(535,40): error CS1061: 'Mesh' does not contain a definition for 'MeshArrays' and no accessible extension method 'MeshArrays' accepting a first argument of type 'Mesh' could be found (are you missing a using directive or an assembly reference?) [/home/moelanoby/polytoria-game/Polytoria/Polytoria.csproj]
/home/moelanoby/polytoria-game/Polytoria/scripts/renderer/Optimization/SoftwareRenderingFallback.cs(546,40): error CS1061: 'Mesh' does not contain a definition for 'MeshArrays' and no accessible extension method 'MeshArrays' accepting a first argument of type 'Mesh' could be found (are you missing a using directive or an assembly reference?) [/home/moelanoby/polytoria-game/Polytoria/Polytoria.csproj]
/home/moelanoby/polytoria-game/Polytoria/scripts/renderer/Optimization/SoftwareRenderingFallback.cs(547,67): error CS0117: 'Mesh.ArrayType' does not contain a definition for 'TexUv' [/home/moelanoby/polytoria-game/Polytoria/Polytoria.csproj]
/home/moelanoby/polytoria-game/Polytoria/scripts/renderer/Optimization/SoftwareRenderingFallback.cs(549,61): error CS0117: 'Mesh.ArrayType' does not contain a definition for 'TexUv' [/home/moelanoby/polytoria-game/Polytoria/Polytoria.csproj]
/home/moelanoby/polytoria-game/Polytoria/scripts/renderer/Optimization/SoftwareRenderingFallback.cs(598,9): error CS0176: Member 'Image.Create(int, int, bool, Image.Format)' cannot be accessed with an instance reference; qualify it with a type name instead [/home/moelanoby/polytoria-game/Polytoria/Polytoria.csproj]
/home/moelanoby/polytoria-game/Polytoria/scripts/renderer/Optimization/SoftwareRenderingFallback.cs(601,15): error CS1501: No overload for method 'SetData' takes 4 arguments [/home/moelanoby/polytoria-game/Polytoria/Polytoria.csproj]
/home/moelanoby/polytoria-game/Polytoria/scripts/renderer/Optimization/SimdMathOperations.cs(274,56): error CS1615: Argument 1 may not be passed with the 'ref' keyword [/home/moelanoby/polytoria-game/Polytoria/Polytoria.csproj]
/home/moelanoby/polytoria-game/Polytoria/scripts/renderer/Optimization/SimdMathOperations.cs(275,56): error CS1615: Argument 1 may not be passed with the 'ref' keyword [/home/moelanoby/polytoria-game/Polytoria/Polytoria.csproj]
/home/moelanoby/polytoria-game/Polytoria/scripts/renderer/Optimization/SimdMathOperations.cs(276,56): error CS1615: Argument 1 may not be passed with the 'ref' keyword [/home/moelanoby/polytoria-game/Polytoria/Polytoria.csproj]
/home/moelanoby/polytoria-game/Polytoria/scripts/renderer/Optimization/SimdMathOperations.cs(277,54): error CS1615: Argument 1 may not be passed with the 'ref' keyword [/home/moelanoby/polytoria-game/Polytoria/Polytoria.csproj]
/home/moelanoby/polytoria-game/Polytoria/scripts/renderer/Optimization/SimdMathOperations.cs(393,24): error CS1503: Argument 1: cannot convert from 'float[]' to 'byte*' [/home/moelanoby/polytoria-game/Polytoria/Polytoria.csproj]
/home/moelanoby/polytoria-game/Polytoria/scripts/renderer/Optimization/SimdMathOperations.cs(393,33): error CS1503: Argument 2: cannot convert from 'System.Runtime.Intrinsics.Vector256<float>' to 'System.Runtime.Intrinsics.Vector256<byte>' [/home/moelanoby/polytoria-game/Polytoria/Polytoria.csproj]
/home/moelanoby/polytoria-game/Polytoria/scripts/renderer/Optimization/SimdMathOperations.cs(394,24): error CS1503: Argument 1: cannot convert from 'float[]' to 'byte*' [/home/moelanoby/polytoria-game/Polytoria/Polytoria.csproj]
/home/moelanoby/polytoria-game/Polytoria/scripts/renderer/Optimization/SimdMathOperations.cs(394,33): error CS1503: Argument 2: cannot convert from 'System.Runtime.Intrinsics.Vector256<float>' to 'System.Runtime.Intrinsics.Vector256<byte>' [/home/moelanoby/polytoria-game/Polytoria/Polytoria.csproj]
/home/moelanoby/polytoria-game/Polytoria/scripts/renderer/Optimization/SimdMathOperations.cs(395,24): error CS1503: Argument 1: cannot convert from 'float[]' to 'byte*' [/home/moelanoby/polytoria-game/Polytoria/Polytoria.csproj]
/home/moelanoby/polytoria-game/Polytoria/scripts/renderer/Optimization/SimdMathOperations.cs(395,33): error CS1503: Argument 2: cannot convert from 'System.Runtime.Intrinsics.Vector256<float>' to 'System.Runtime.Intrinsics.Vector256<byte>' [/home/moelanoby/polytoria-game/Polytoria/Polytoria.csproj]
/home/moelanoby/polytoria-game/Polytoria/scripts/renderer/Optimization/SimdMathOperations.cs(447,54): error CS1615: Argument 1 may not be passed with the 'ref' keyword [/home/moelanoby/polytoria-game/Polytoria/Polytoria.csproj]
/home/moelanoby/polytoria-game/Polytoria/scripts/renderer/Optimization/SimdMathOperations.cs(448,54): error CS1615: Argument 1 may not be passed with the 'ref' keyword [/home/moelanoby/polytoria-game/Polytoria/Polytoria.csproj]
/home/moelanoby/polytoria-game/Polytoria/scripts/renderer/Optimization/SimdMathOperations.cs(509,59): error CS1615: Argument 1 may not be passed with the 'ref' keyword [/home/moelanoby/polytoria-game/Polytoria/Polytoria.csproj]
/home/moelanoby/polytoria-game/Polytoria/scripts/renderer/Optimization/SimdMathOperations.cs(547,24): error CS1503: Argument 1: cannot convert from 'float[]' to 'byte*' [/home/moelanoby/polytoria-game/Polytoria/Polytoria.csproj]
/home/moelanoby/polytoria-game/Polytoria/scripts/renderer/Optimization/SimdMathOperations.cs(547,35): error CS1503: Argument 2: cannot convert from 'System.Runtime.Intrinsics.Vector256<float>' to 'System.Runtime.Intrinsics.Vector256<byte>' [/home/moelanoby/polytoria-game/Polytoria/Polytoria.csproj]
/home/moelanoby/polytoria-game/Polytoria/scripts/datamodel/Stat.cs(104,51): warning CS8600: Converting null literal or possible null value to non-nullable type. [/home/moelanoby/polytoria-game/Polytoria/Polytoria.csproj]
/home/moelanoby/polytoria-game/Polytoria/scripts/creator/ui/ui-gizmo/UIGizmos.cs(62,3): warning CS8602: Dereference of a possibly null reference. [/home/moelanoby/polytoria-game/Polytoria/Polytoria.csproj]
/home/moelanoby/polytoria-game/Polytoria/scripts/creator/ui/ui-gizmo/UIGizmos.cs(73,3): warning CS8602: Dereference of a possibly null reference. [/home/moelanoby/polytoria-game/Polytoria/Polytoria.csproj]
/home/moelanoby/polytoria-game/Polytoria/scripts/scripting/languages/luau/LuauProvider.cs(986,26): warning CS8600: Converting null literal or possible null value to non-nullable type. [/home/moelanoby/polytoria-game/Polytoria/Polytoria.csproj]
/home/moelanoby/polytoria-game/Polytoria/scripts/scripting/languages/luau/LuauProvider.cs(988,19): warning CS8604: Possible null reference argument for parameter 's' in 'void LuaState.PushString(string s)'. [/home/moelanoby/polytoria-game/Polytoria/Polytoria.csproj]
/home/moelanoby/polytoria-game/Polytoria/scripts/scripting/languages/luau/LuauProvider.cs(1052,21): warning CS8604: Possible null reference argument for parameter 'value' in 'int LuaState.Error(string value, params object[] v)'. [/home/moelanoby/polytoria-game/Polytoria/Polytoria.csproj]
/home/moelanoby/polytoria-game/Polytoria/scripts/creator/ui/ctxmenus/FileItemContextMenu.cs(104,55): warning CS8604: Possible null reference argument for parameter 'atPath' in 'void CreatorInterface.PromptCreateFile(string atPath)'. [/home/moelanoby/polytoria-game/Polytoria/Polytoria.csproj]
/home/moelanoby/polytoria-game/Polytoria/scripts/datamodel/services/PreferencesService.cs(61,18): warning CS8600: Converting null literal or possible null value to non-nullable type. [/home/moelanoby/polytoria-game/Polytoria/Polytoria.csproj]
/home/moelanoby/polytoria-game/Polytoria/scripts/datamodel/services/PreferencesService.cs(65,36): warning CS8604: Possible null reference argument for parameter 'value' in 'object Enum.ToObject(Type enumType, object value)'. [/home/moelanoby/polytoria-game/Polytoria/Polytoria.csproj]
/home/moelanoby/polytoria-game/Polytoria/scripts/scripting/languages/luau/LuauProvider.cs(1881,17): warning CS0649: Field 'LuauProvider.ScriptThreadData.Script' is never assigned to, and will always have its default value null [/home/moelanoby/polytoria-game/Polytoria/Polytoria.csproj]
/home/moelanoby/polytoria-game/Polytoria/scripts/scripting/languages/luau/LuauProvider.cs(42,30): warning CS0414: The field 'LuauProvider.ThreadDataKey' is assigned but its value is never used [/home/moelanoby/polytoria-game/Polytoria/Polytoria.csproj]
/home/moelanoby/polytoria-game/Polytoria/scripts/datamodel/Animator.cs(29,15): warning CS0414: The field 'Animator._isPlaying' is assigned but its value is never used [/home/moelanoby/polytoria-game/Polytoria/Polytoria.csproj]

Build FAILED.

/home/moelanoby/polytoria-game/Polytoria/scripts/creator/ui/ui-gizmo/UIGizmoBox.cs(154,18): warning CS0108: 'UIGizmoBox.GetLocalMousePosition()' hides inherited member 'CanvasItem.GetLocalMousePosition()'. Use the new keyword if hiding was intended. [/home/moelanoby/polytoria-game/Polytoria/Polytoria.csproj]
/home/moelanoby/polytoria-game/Polytoria/scripts/creator/ui/popups/Search.cs(49,3): warning CS8602: Dereference of a possibly null reference. [/home/moelanoby/polytoria-game/Polytoria/Polytoria.csproj]
/home/moelanoby/polytoria-game/Polytoria/scripts/creator/ui/popups/Search.cs(75,3): warning CS8602: Dereference of a possibly null reference. [/home/moelanoby/polytoria-game/Polytoria/Polytoria.csproj]
/home/moelanoby/polytoria-game/Polytoria/scripts/creator/ui/popups/Search.cs(77,4): warning CS8602: Dereference of a possibly null reference. [/home/moelanoby/polytoria-game/Polytoria/Polytoria.csproj]
/home/moelanoby/polytoria-game/Polytoria/scripts/creator/ui/popups/Search.cs(105,5): warning CS8602: Dereference of a possibly null reference. [/home/moelanoby/polytoria-game/Polytoria/Polytoria.csproj]
/home/moelanoby/polytoria-game/Polytoria/scripts/creator/ui/popups/Search.cs(136,15): warning CS8602: Dereference of a possibly null reference. [/home/moelanoby/polytoria-game/Polytoria/Polytoria.csproj]
/home/moelanoby/polytoria-game/Polytoria/scripts/creator/ui/popups/Search.cs(204,5): warning CS4014: Because this call is not awaited, execution of the current method continues before the call is completed. Consider applying the 'await' operator to the result of the call. [/home/moelanoby/polytoria-game/Polytoria/Polytoria.csproj]
/home/moelanoby/polytoria-game/Polytoria/scripts/creator/ui/popups/Search.cs(224,3): warning CS4014: Because this call is not awaited, execution of the current method continues before the call is completed. Consider applying the 'await' operator to the result of the call. [/home/moelanoby/polytoria-game/Polytoria/Polytoria.csproj]
/home/moelanoby/polytoria-game/Polytoria/scripts/creator/ui/popups/Search.cs(355,18): warning CS8602: Dereference of a possibly null reference. [/home/moelanoby/polytoria-game/Polytoria/Polytoria.csproj]
/home/moelanoby/polytoria-game/Polytoria/scripts/creator/ui/popups/Search.cs(362,21): warning CS8602: Dereference of a possibly null reference. [/home/moelanoby/polytoria-game/Polytoria/Polytoria.csproj]
/home/moelanoby/polytoria-game/Polytoria/scripts/network/syncs/NetworkTransformSync.cs(404,30): warning CS8618: Non-nullable field 'Transform' must contain a non-null value when exiting constructor. Consider adding the 'required' modifier or declaring the field as nullable. [/home/moelanoby/polytoria-game/Polytoria/Polytoria.csproj]
/home/moelanoby/polytoria-game/Polytoria/scripts/renderer/Optimization/VisibilityPredictionSystem.cs(323,21): warning CS8602: Dereference of a possibly null reference. [/home/moelanoby/polytoria-game/Polytoria/Polytoria.csproj]
/home/moelanoby/polytoria-game/Polytoria/scripts/renderer/Optimization/VisibilityPredictionSystem.cs(327,21): warning CS8602: Dereference of a possibly null reference. [/home/moelanoby/polytoria-game/Polytoria/Polytoria.csproj]
/home/moelanoby/polytoria-game/Polytoria/scripts/formats/XmlFormat.cs(383,35): warning CS8604: Possible null reference argument for parameter 'value' in 'void XmlFormat.SetProperty(GameItem item, PropertyInfo property, object value)'. [/home/moelanoby/polytoria-game/Polytoria/Polytoria.csproj]
/home/moelanoby/polytoria-game/Polytoria/scripts/renderer/Optimization/SoftwareRenderingFallback.cs(376,44): warning CS8622: Nullability of reference types in type of parameter 'threadId' of 'void SoftwareRenderingFallback.RenderThreadProc(object threadId)' doesn't match the target delegate 'ParameterizedThreadStart' (possibly because of nullability attributes). [/home/moelanoby/polytoria-game/Polytoria/Polytoria.csproj]
/home/moelanoby/polytoria-game/Polytoria/scripts/datamodel/Stat.cs(104,51): warning CS8600: Converting null literal or possible null value to non-nullable type. [/home/moelanoby/polytoria-game/Polytoria/Polytoria.csproj]
/home/moelanoby/polytoria-game/Polytoria/scripts/creator/ui/ui-gizmo/UIGizmos.cs(62,3): warning CS8602: Dereference of a possibly null reference. [/home/moelanoby/polytoria-game/Polytoria/Polytoria.csproj]
/home/moelanoby/polytoria-game/Polytoria/scripts/creator/ui/ui-gizmo/UIGizmos.cs(73,3): warning CS8602: Dereference of a possibly null reference. [/home/moelanoby/polytoria-game/Polytoria/Polytoria.csproj]
/home/moelanoby/polytoria-game/Polytoria/scripts/scripting/languages/luau/LuauProvider.cs(986,26): warning CS8600: Converting null literal or possible null value to non-nullable type. [/home/moelanoby/polytoria-game/Polytoria/Polytoria.csproj]
/home/moelanoby/polytoria-game/Polytoria/scripts/scripting/languages/luau/LuauProvider.cs(988,19): warning CS8604: Possible null reference argument for parameter 's' in 'void LuaState.PushString(string s)'. [/home/moelanoby/polytoria-game/Polytoria/Polytoria.csproj]
/home/moelanoby/polytoria-game/Polytoria/scripts/scripting/languages/luau/LuauProvider.cs(1052,21): warning CS8604: Possible null reference argument for parameter 'value' in 'int LuaState.Error(string value, params object[] v)'. [/home/moelanoby/polytoria-game/Polytoria/Polytoria.csproj]
/home/moelanoby/polytoria-game/Polytoria/scripts/creator/ui/ctxmenus/FileItemContextMenu.cs(104,55): warning CS8604: Possible null reference argument for parameter 'atPath' in 'void CreatorInterface.PromptCreateFile(string atPath)'. [/home/moelanoby/polytoria-game/Polytoria/Polytoria.csproj]
/home/moelanoby/polytoria-game/Polytoria/scripts/datamodel/services/PreferencesService.cs(61,18): warning CS8600: Converting null literal or possible null value to non-nullable type. [/home/moelanoby/polytoria-game/Polytoria/Polytoria.csproj]
/home/moelanoby/polytoria-game/Polytoria/scripts/datamodel/services/PreferencesService.cs(65,36): warning CS8604: Possible null reference argument for parameter 'value' in 'object Enum.ToObject(Type enumType, object value)'. [/home/moelanoby/polytoria-game/Polytoria/Polytoria.csproj]
/home/moelanoby/polytoria-game/Polytoria/scripts/scripting/languages/luau/LuauProvider.cs(1881,17): warning CS0649: Field 'LuauProvider.ScriptThreadData.Script' is never assigned to, and will always have its default value null [/home/moelanoby/polytoria-game/Polytoria/Polytoria.csproj]
/home/moelanoby/polytoria-game/Polytoria/scripts/scripting/languages/luau/LuauProvider.cs(42,30): warning CS0414: The field 'LuauProvider.ThreadDataKey' is assigned but its value is never used [/home/moelanoby/polytoria-game/Polytoria/Polytoria.csproj]
/home/moelanoby/polytoria-game/Polytoria/scripts/datamodel/Animator.cs(29,15): warning CS0414: The field 'Animator._isPlaying' is assigned but its value is never used [/home/moelanoby/polytoria-game/Polytoria/Polytoria.csproj]
/home/moelanoby/polytoria-game/Polytoria/scripts/renderer/Optimization/VisibilityPredictionSystem.cs(266,90): error CS1501: No overload for method 'DegToRad' takes 0 arguments [/home/moelanoby/polytoria-game/Polytoria/Polytoria.csproj]
/home/moelanoby/polytoria-game/Polytoria/scripts/renderer/Optimization/VisibilityPredictionSystem.cs(267,90): error CS1501: No overload for method 'DegToRad' takes 0 arguments [/home/moelanoby/polytoria-game/Polytoria/Polytoria.csproj]
/home/moelanoby/polytoria-game/Polytoria/scripts/renderer/Optimization/SimdMathOperations.cs(57,55): error CS1503: Argument 1: cannot convert from 'float[]' to 'byte*' [/home/moelanoby/polytoria-game/Polytoria/Polytoria.csproj]
/home/moelanoby/polytoria-game/Polytoria/scripts/renderer/Optimization/SimdMathOperations.cs(60,55): error CS1503: Argument 1: cannot convert from 'float[]' to 'byte*' [/home/moelanoby/polytoria-game/Polytoria/Polytoria.csproj]
/home/moelanoby/polytoria-game/Polytoria/scripts/renderer/Optimization/VisibilityPredictionSystem.cs(343,53): error CS1501: No overload for method 'DegToRad' takes 0 arguments [/home/moelanoby/polytoria-game/Polytoria/Polytoria.csproj]
/home/moelanoby/polytoria-game/Polytoria/scripts/renderer/Optimization/SimdMathOperations.cs(80,53): error CS1503: Argument 1: cannot convert from 'float[]' to 'byte*' [/home/moelanoby/polytoria-game/Polytoria/Polytoria.csproj]
/home/moelanoby/polytoria-game/Polytoria/scripts/renderer/Optimization/SimdMathOperations.cs(83,53): error CS1503: Argument 1: cannot convert from 'float[]' to 'byte*' [/home/moelanoby/polytoria-game/Polytoria/Polytoria.csproj]
/home/moelanoby/polytoria-game/Polytoria/scripts/renderer/Optimization/SimdMathOperations.cs(129,55): error CS1503: Argument 1: cannot convert from 'float[]' to 'byte*' [/home/moelanoby/polytoria-game/Polytoria/Polytoria.csproj]
/home/moelanoby/polytoria-game/Polytoria/scripts/renderer/Optimization/SimdMathOperations.cs(131,53): error CS1503: Argument 1: cannot convert from 'float[]' to 'byte*' [/home/moelanoby/polytoria-game/Polytoria/Polytoria.csproj]
/home/moelanoby/polytoria-game/Polytoria/scripts/renderer/Optimization/SimdMathOperations.cs(149,53): error CS1503: Argument 1: cannot convert from 'float[]' to 'byte*' [/home/moelanoby/polytoria-game/Polytoria/Polytoria.csproj]
/home/moelanoby/polytoria-game/Polytoria/scripts/renderer/Optimization/SimdMathOperations.cs(151,51): error CS1503: Argument 1: cannot convert from 'float[]' to 'byte*' [/home/moelanoby/polytoria-game/Polytoria/Polytoria.csproj]
/home/moelanoby/polytoria-game/Polytoria/scripts/renderer/Optimization/SimdMathOperations.cs(195,55): error CS1503: Argument 1: cannot convert from 'float[]' to 'byte*' [/home/moelanoby/polytoria-game/Polytoria/Polytoria.csproj]
/home/moelanoby/polytoria-game/Polytoria/scripts/renderer/Optimization/SimdMathOperations.cs(197,53): error CS1503: Argument 1: cannot convert from 'float[]' to 'byte*' [/home/moelanoby/polytoria-game/Polytoria/Polytoria.csproj]
/home/moelanoby/polytoria-game/Polytoria/scripts/renderer/Optimization/SimdMathOperations.cs(206,20): error CS1503: Argument 1: cannot convert from 'float[]' to 'byte*' [/home/moelanoby/polytoria-game/Polytoria/Polytoria.csproj]
/home/moelanoby/polytoria-game/Polytoria/scripts/renderer/Optimization/SimdMathOperations.cs(206,30): error CS1503: Argument 2: cannot convert from 'System.Runtime.Intrinsics.Vector256<float>' to 'System.Runtime.Intrinsics.Vector256<byte>' [/home/moelanoby/polytoria-game/Polytoria/Polytoria.csproj]
/home/moelanoby/polytoria-game/Polytoria/scripts/renderer/Optimization/SimdMathOperations.cs(207,20): error CS1503: Argument 1: cannot convert from 'float[]' to 'byte*' [/home/moelanoby/polytoria-game/Polytoria/Polytoria.csproj]
/home/moelanoby/polytoria-game/Polytoria/scripts/renderer/Optimization/SimdMathOperations.cs(207,30): error CS1503: Argument 2: cannot convert from 'System.Runtime.Intrinsics.Vector256<float>' to 'System.Runtime.Intrinsics.Vector256<byte>' [/home/moelanoby/polytoria-game/Polytoria/Polytoria.csproj]
/home/moelanoby/polytoria-game/Polytoria/scripts/renderer/Optimization/SoftwareRenderingFallback.cs(524,40): error CS1061: 'Mesh' does not contain a definition for 'MeshArrays' and no accessible extension method 'MeshArrays' accepting a first argument of type 'Mesh' could be found (are you missing a using directive or an assembly reference?) [/home/moelanoby/polytoria-game/Polytoria/Polytoria.csproj]
/home/moelanoby/polytoria-game/Polytoria/scripts/renderer/Optimization/SimdMathOperations.cs(218,53): error CS1503: Argument 1: cannot convert from 'float[]' to 'byte*' [/home/moelanoby/polytoria-game/Polytoria/Polytoria.csproj]
/home/moelanoby/polytoria-game/Polytoria/scripts/renderer/Optimization/SimdMathOperations.cs(220,51): error CS1503: Argument 1: cannot convert from 'float[]' to 'byte*' [/home/moelanoby/polytoria-game/Polytoria/Polytoria.csproj]
/home/moelanoby/polytoria-game/Polytoria/scripts/renderer/Optimization/SimdMathOperations.cs(229,20): error CS1503: Argument 1: cannot convert from 'float[]' to 'byte*' [/home/moelanoby/polytoria-game/Polytoria/Polytoria.csproj]
/home/moelanoby/polytoria-game/Polytoria/scripts/renderer/Optimization/SimdMathOperations.cs(229,30): error CS1503: Argument 2: cannot convert from 'System.Runtime.Intrinsics.Vector128<float>' to 'System.Runtime.Intrinsics.Vector128<byte>' [/home/moelanoby/polytoria-game/Polytoria/Polytoria.csproj]
/home/moelanoby/polytoria-game/Polytoria/scripts/renderer/Optimization/SimdMathOperations.cs(230,20): error CS1503: Argument 1: cannot convert from 'float[]' to 'byte*' [/home/moelanoby/polytoria-game/Polytoria/Polytoria.csproj]
/home/moelanoby/polytoria-game/Polytoria/scripts/renderer/Optimization/SimdMathOperations.cs(230,30): error CS1503: Argument 2: cannot convert from 'System.Runtime.Intrinsics.Vector128<float>' to 'System.Runtime.Intrinsics.Vector128<byte>' [/home/moelanoby/polytoria-game/Polytoria/Polytoria.csproj]
/home/moelanoby/polytoria-game/Polytoria/scripts/renderer/Optimization/SoftwareRenderingFallback.cs(535,40): error CS1061: 'Mesh' does not contain a definition for 'MeshArrays' and no accessible extension method 'MeshArrays' accepting a first argument of type 'Mesh' could be found (are you missing a using directive or an assembly reference?) [/home/moelanoby/polytoria-game/Polytoria/Polytoria.csproj]
/home/moelanoby/polytoria-game/Polytoria/scripts/renderer/Optimization/SoftwareRenderingFallback.cs(546,40): error CS1061: 'Mesh' does not contain a definition for 'MeshArrays' and no accessible extension method 'MeshArrays' accepting a first argument of type 'Mesh' could be found (are you missing a using directive or an assembly reference?) [/home/moelanoby/polytoria-game/Polytoria/Polytoria.csproj]
/home/moelanoby/polytoria-game/Polytoria/scripts/renderer/Optimization/SoftwareRenderingFallback.cs(547,67): error CS0117: 'Mesh.ArrayType' does not contain a definition for 'TexUv' [/home/moelanoby/polytoria-game/Polytoria/Polytoria.csproj]
/home/moelanoby/polytoria-game/Polytoria/scripts/renderer/Optimization/SoftwareRenderingFallback.cs(549,61): error CS0117: 'Mesh.ArrayType' does not contain a definition for 'TexUv' [/home/moelanoby/polytoria-game/Polytoria/Polytoria.csproj]
/home/moelanoby/polytoria-game/Polytoria/scripts/renderer/Optimization/SoftwareRenderingFallback.cs(598,9): error CS0176: Member 'Image.Create(int, int, bool, Image.Format)' cannot be accessed with an instance reference; qualify it with a type name instead [/home/moelanoby/polytoria-game/Polytoria/Polytoria.csproj]
/home/moelanoby/polytoria-game/Polytoria/scripts/renderer/Optimization/SoftwareRenderingFallback.cs(601,15): error CS1501: No overload for method 'SetData' takes 4 arguments [/home/moelanoby/polytoria-game/Polytoria/Polytoria.csproj]
/home/moelanoby/polytoria-game/Polytoria/scripts/renderer/Optimization/SimdMathOperations.cs(274,56): error CS1615: Argument 1 may not be passed with the 'ref' keyword [/home/moelanoby/polytoria-game/Polytoria/Polytoria.csproj]
/home/moelanoby/polytoria-game/Polytoria/scripts/renderer/Optimization/SimdMathOperations.cs(275,56): error CS1615: Argument 1 may not be passed with the 'ref' keyword [/home/moelanoby/polytoria-game/Polytoria/Polytoria.csproj]
/home/moelanoby/polytoria-game/Polytoria/scripts/renderer/Optimization/SimdMathOperations.cs(276,56): error CS1615: Argument 1 may not be passed with the 'ref' keyword [/home/moelanoby/polytoria-game/Polytoria/Polytoria.csproj]
/home/moelanoby/polytoria-game/Polytoria/scripts/renderer/Optimization/SimdMathOperations.cs(277,54): error CS1615: Argument 1 may not be passed with the 'ref' keyword [/home/moelanoby/polytoria-game/Polytoria/Polytoria.csproj]
/home/moelanoby/polytoria-game/Polytoria/scripts/renderer/Optimization/SimdMathOperations.cs(393,24): error CS1503: Argument 1: cannot convert from 'float[]' to 'byte*' [/home/moelanoby/polytoria-game/Polytoria/Polytoria.csproj]
/home/moelanoby/polytoria-game/Polytoria/scripts/renderer/Optimization/SimdMathOperations.cs(393,33): error CS1503: Argument 2: cannot convert from 'System.Runtime.Intrinsics.Vector256<float>' to 'System.Runtime.Intrinsics.Vector256<byte>' [/home/moelanoby/polytoria-game/Polytoria/Polytoria.csproj]
/home/moelanoby/polytoria-game/Polytoria/scripts/renderer/Optimization/SimdMathOperations.cs(394,24): error CS1503: Argument 1: cannot convert from 'float[]' to 'byte*' [/home/moelanoby/polytoria-game/Polytoria/Polytoria.csproj]
/home/moelanoby/polytoria-game/Polytoria/scripts/renderer/Optimization/SimdMathOperations.cs(394,33): error CS1503: Argument 2: cannot convert from 'System.Runtime.Intrinsics.Vector256<float>' to 'System.Runtime.Intrinsics.Vector256<byte>' [/home/moelanoby/polytoria-game/Polytoria/Polytoria.csproj]
/home/moelanoby/polytoria-game/Polytoria/scripts/renderer/Optimization/SimdMathOperations.cs(395,24): error CS1503: Argument 1: cannot convert from 'float[]' to 'byte*' [/home/moelanoby/polytoria-game/Polytoria/Polytoria.csproj]
/home/moelanoby/polytoria-game/Polytoria/scripts/renderer/Optimization/SimdMathOperations.cs(395,33): error CS1503: Argument 2: cannot convert from 'System.Runtime.Intrinsics.Vector256<float>' to 'System.Runtime.Intrinsics.Vector256<byte>' [/home/moelanoby/polytoria-game/Polytoria/Polytoria.csproj]
/home/moelanoby/polytoria-game/Polytoria/scripts/renderer/Optimization/SimdMathOperations.cs(447,54): error CS1615: Argument 1 may not be passed with the 'ref' keyword [/home/moelanoby/polytoria-game/Polytoria/Polytoria.csproj]
/home/moelanoby/polytoria-game/Polytoria/scripts/renderer/Optimization/SimdMathOperations.cs(448,54): error CS1615: Argument 1 may not be passed with the 'ref' keyword [/home/moelanoby/polytoria-game/Polytoria/Polytoria.csproj]
/home/moelanoby/polytoria-game/Polytoria/scripts/renderer/Optimization/SimdMathOperations.cs(509,59): error CS1615: Argument 1 may not be passed with the 'ref' keyword [/home/moelanoby/polytoria-game/Polytoria/Polytoria.csproj]
/home/moelanoby/polytoria-game/Polytoria/scripts/renderer/Optimization/SimdMathOperations.cs(547,24): error CS1503: Argument 1: cannot convert from 'float[]' to 'byte*' [/home/moelanoby/polytoria-game/Polytoria/Polytoria.csproj]
/home/moelanoby/polytoria-game/Polytoria/scripts/renderer/Optimization/SimdMathOperations.cs(547,35): error CS1503: Argument 2: cannot convert from 'System.Runtime.Intrinsics.Vector256<float>' to 'System.Runtime.Intrinsics.Vector256<byte>' [/home/moelanoby/polytoria-game/Polytoria/Polytoria.csproj]
    27 Warning(s)
    45 Error(s)

Time Elapsed 00:01:12.75
